2025-05-17 18:32:02.238 INFO  Test başladı: logTest()
2025-05-17 18:32:02.243 INFO  Test başarılı: Sonuç = 8
2025-05-17 18:32:02.244 INFO  Test bitti: logTest()
2025-05-17 18:34:34.504 INFO  Test method has started.
2025-05-17 18:34:34.526 INFO  Test başladı: logTest()
2025-05-17 18:34:34.529 INFO  Test başarılı: Sonuç = 8
2025-05-17 18:34:34.530 INFO  Test bitti: logTest()
2025-05-17 18:34:34.544 INFO  logTest test method has finished. -->Passed
2025-11-01 15:15:58.232 INFO  Test method has started.
2025-11-01 15:16:08.804 INFO  registerTest test method has finished. -->Passed
2025-11-01 15:16:08.815 INFO  Test method has started.
2025-11-01 15:16:11.283 INFO  loginTest test method has finished. -->Passed
2025-11-01 15:16:11.287 INFO  Test method has started.
2025-11-01 15:16:12.637 INFO  updateAccountTest test method has finished. -->Passed
2025-11-01 15:16:12.639 INFO  Test method has started.
2025-11-01 15:16:13.509 INFO  logoutTest test method has finished. -->Passed
2025-11-01 15:20:28.873 INFO  Test method has started.
2025-11-01 15:20:33.595 INFO  hardAssertTest test method has finished. -->Passed
2025-11-01 15:20:33.598 INFO  Test method has started.
2025-11-01 15:20:34.037 INFO  softAssertTest test method has finished. -->Failed
2025-11-01 15:21:16.683 INFO  Test method has started.
2025-11-01 15:21:22.473 INFO  hardAssertTesting test method has finished. -->Passed
2025-11-01 15:21:22.482 INFO  Test method has started.
2025-11-01 15:21:26.622 INFO  softAssertTesting test method has finished. -->Failed
